<?xml version="1.0" encoding="UTF-8"?>
<testsuite xmlns:xsi="http://www.w3.org/2001/XMLSchema-instance" xsi:noNamespaceSchemaLocation="https://maven.apache.org/surefire/maven-surefire-plugin/xsd/surefire-test-report.xsd" version="3.0.2" name="com.ooad.smartEmailApplication.SmartEmailApplicationTests" time="4.59" tests="1" errors="0" skipped="0" failures="0">
  <properties>
[...]
</properties>
  <testcase name="contextLoads" classname="com.ooad.smartEmailApplication.SmartEmailApplicationTests" time="0.667">
    <system-out><![CDATA[00:21:53.966 [main] INFO org.springframework.test.context.support.AnnotationConfigContextLoaderUtils -- Could not detect default configuration classes for test class [com.ooad.smartEmailApplication.SmartEmailApplicationTests]: SmartEmailApplicationTests does not declare any static, non-private, non-final, nested classes annotated with @Configuration.
00:21:54.079 [main] INFO org.springframework.boot.test.context.SpringBootTestContextBootstrapper -- Found @SpringBootConfiguration com.ooad.smartEmailApplication.SmartEmailApplication for test class com.ooad.smartEmailApplication.SmartEmailApplicationTests

  .   ____          _            __ _ _
 /\\ / ___'_ __ _ _(_)_ __  __ _ \ \ \ \
( ( )\___ | '_ | '_| | '_ \/ _` | \ \ \ \
 \\/  ___)| |_)| | | | | || (_| |  ) ) ) )
  '  |____| .__|_| |_|_| |_\__, | / / / /
 =========|_|==============|___/=/_/_/_/

 :: Spring Boot ::                (v3.4.4)

2025-08-24T00:21:54.543+05:30  INFO 3476 --- [Smart Email Application] [           main] c.o.s.SmartEmailApplicationTests         : Starting SmartEmailApplicationTests using Java 23.0.2 with PID 3476 (started by prane in D:\Academics\6TH SEM\Object Oriented Analysis and Design\PROJECT\smartEmailApplication)
2025-08-24T00:21:54.544+05:30  INFO 3476 --- [Smart Email Application] [           main] c.o.s.SmartEmailApplicationTests         : No active profile set, falling back to 1 default profile: "default"
2025-08-24T00:21:55.055+05:30  INFO 3476 --- [Smart Email Application] [           main] .s.d.r.c.RepositoryConfigurationDelegate : Bootstrapping Spring Data MongoDB repositories in DEFAULT mode.
2025-08-24T00:21:55.104+05:30  INFO 3476 --- [Smart Email Application] [           main] .s.d.r.c.RepositoryConfigurationDelegate : Finished Spring Data repository scanning in 40 ms. Found 5 MongoDB repository interfaces.
2025-08-24T00:21:55.879+05:30  INFO 3476 --- [Smart Email Application] [ay6.mongodb.net] org.mongodb.driver.cluster               : Adding discovered server ac-elsned3-shard-00-01.8jhvay6.mongodb.net:27017 to client view of cluster
2025-08-24T00:21:55.885+05:30  INFO 3476 --- [Smart Email Application] [           main] org.mongodb.driver.client                : MongoClient with metadata {"application": {"name": "Cluster0"}, "driver": {"name": "mongo-java-driver|sync", "version": "5.2.1"}, "os": {"type": "Windows", "name": "Windows 11", "architecture": "amd64", "version": "10.0"}, "platform": "Java/Oracle Corporation/23.0.2+7-58"} created with settings MongoClientSettings{readPreference=primary, writeConcern=WriteConcern{w=majority, wTimeout=null ms, journal=null}, retryWrites=true, retryReads=true, readConcern=ReadConcern{level=null}, credential=MongoCredential{mechanism=null, userName='praneetvkhp', source='admin', password=<hidden>, mechanismProperties=<hidden>}, transportSettings=null, commandListeners=[], codecRegistry=ProvidersCodecRegistry{codecProviders=[ValueCodecProvider{}, BsonValueCodecProvider{}, DBRefCodecProvider{}, DBObjectCodecProvider{}, DocumentCodecProvider{}, CollectionCodecProvider{}, IterableCodecProvider{}, MapCodecProvider{}, GeoJsonCodecProvider{}, GridFSFileCodecProvider{}, Jsr310CodecProvider{}, JsonObjectCodecProvider{}, BsonCodecProvider{}, EnumCodecProvider{}, com.mongodb.client.model.mql.ExpressionCodecProvider@601eb4af, com.mongodb.Jep395RecordCodecProvider@11ede87f, com.mongodb.KotlinCodecProvider@7675c171]}, loggerSettings=LoggerSettings{maxDocumentLength=1000}, clusterSettings={hosts=[127.0.0.1:27017], srvHost=cluster0.8jhvay6.mongodb.net, srvServiceName=mongodb, mode=MULTIPLE, requiredClusterType=REPLICA_SET, requiredReplicaSetName='atlas-sspu40-shard-0', serverSelector='null', clusterListeners='[]', serverSelectionTimeout='30000 ms', localThreshold='15 ms'}, socketSettings=SocketSettings{connectTimeoutMS=10000, readTimeoutMS=0, receiveBufferSize=0, proxySettings=ProxySettings{host=null, port=null, username=null, password=null}}, heartbeatSocketSettings=SocketSettings{connectTimeoutMS=10000, readTimeoutMS=10000, receiveBufferSize=0, proxySettings=ProxySettings{host=null, port=null, username=null, password=null}}, connectionPoolSettings=ConnectionPoolSettings{maxSize=100, minSize=0, maxWaitTimeMS=120000, maxConnectionLifeTimeMS=0, maxConnectionIdleTimeMS=0, maintenanceInitialDelayMS=0, maintenanceFrequencyMS=60000, connectionPoolListeners=[], maxConnecting=2}, serverSettings=ServerSettings{heartbeatFrequencyMS=10000, minHeartbeatFrequencyMS=500, serverMonitoringMode=AUTO, serverListeners='[]', serverMonitorListeners='[]'}, sslSettings=SslSettings{enabled=true, invalidHostNameAllowed=false, context=null}, applicationName='Cluster0', compressorList=[], uuidRepresentation=UNSPECIFIED, serverApi=null, autoEncryptionSettings=null, dnsClient=null, inetAddressResolver=null, contextProvider=null, timeoutMS=null}
2025-08-24T00:21:55.922+05:30  INFO 3476 --- [Smart Email Application] [ay6.mongodb.net] org.mongodb.driver.cluster               : Adding discovered server ac-elsned3-shard-00-00.8jhvay6.mongodb.net:27017 to client view of cluster
2025-08-24T00:21:55.925+05:30  INFO 3476 --- [Smart Email Application] [ay6.mongodb.net] org.mongodb.driver.cluster               : Adding discovered server ac-elsned3-shard-00-02.8jhvay6.mongodb.net:27017 to client view of cluster
2025-08-24T00:21:56.576+05:30  INFO 3476 --- [Smart Email Application] [ngodb.net:27017] org.mongodb.driver.cluster               : Monitor thread successfully connected to server with description ServerDescription{address=ac-elsned3-shard-00-02.8jhvay6.mongodb.net:27017, type=REPLICA_SET_SECONDARY, cryptd=false, state=CONNECTED, ok=true, minWireVersion=0, maxWireVersion=25, maxDocumentSize=16777216, logicalSessionTimeoutMinutes=30, roundTripTimeNanos=404236200, minRoundTripTimeNanos=0, setName='atlas-sspu40-shard-0', canonicalAddress=ac-elsned3-shard-00-02.8jhvay6.mongodb.net:27017, hosts=[ac-elsned3-shard-00-01.8jhvay6.mongodb.net:27017, ac-elsned3-shard-00-00.8jhvay6.mongodb.net:27017, ac-elsned3-shard-00-02.8jhvay6.mongodb.net:27017], passives=[], arbiters=[], primary='ac-elsned3-shard-00-01.8jhvay6.mongodb.net:27017', tagSet=TagSet{[Tag{name='availabilityZone', value='aps1-az2'}, Tag{name='diskState', value='READY'}, Tag{name='nodeType', value='ELECTABLE'}, Tag{name='provider', value='AWS'}, Tag{name='region', value='AP_SOUTH_1'}, Tag{name='workloadType', value='OPERATIONAL'}]}, electionId=null, setVersion=319, topologyVersion=TopologyVersion{processId=68a1a075c44d613705ee903d, counter=5}, lastWriteDate=Sun Aug 24 00:21:59 IST 2025, lastUpdateTimeNanos=32749172903700}
2025-08-24T00:21:56.576+05:30  INFO 3476 --- [Smart Email Application] [ngodb.net:27017] org.mongodb.driver.cluster               : Monitor thread successfully connected to server with description ServerDescription{address=ac-elsned3-shard-00-01.8jhvay6.mongodb.net:27017, type=REPLICA_SET_PRIMARY, cryptd=false, state=CONNECTED, ok=true, minWireVersion=0, maxWireVersion=25, maxDocumentSize=16777216, logicalSessionTimeoutMinutes=30, roundTripTimeNanos=404151200, minRoundTripTimeNanos=0, setName='atlas-sspu40-shard-0', canonicalAddress=ac-elsned3-shard-00-01.8jhvay6.mongodb.net:27017, hosts=[ac-elsned3-shard-00-01.8jhvay6.mongodb.net:27017, ac-elsned3-shard-00-00.8jhvay6.mongodb.net:27017, ac-elsned3-shard-00-02.8jhvay6.mongodb.net:27017], passives=[], arbiters=[], primary='ac-elsned3-shard-00-01.8jhvay6.mongodb.net:27017', tagSet=TagSet{[Tag{name='availabilityZone', value='aps1-az3'}, Tag{name='diskState', value='READY'}, Tag{name='nodeType', value='ELECTABLE'}, Tag{name='provider', value='AWS'}, Tag{name='region', value='AP_SOUTH_1'}, Tag{name='workloadType', value='OPERATIONAL'}]}, electionId=7fffffff0000000000000119, setVersion=319, topologyVersion=TopologyVersion{processId=68a19e11df9bdb6e4985a026, counter=9}, lastWriteDate=Sun Aug 24 00:21:59 IST 2025, lastUpdateTimeNanos=32749172822000}
2025-08-24T00:21:56.576+05:30  INFO 3476 --- [Smart Email Application] [ngodb.net:27017] org.mongodb.driver.cluster               : Monitor thread successfully connected to server with description ServerDescription{address=ac-elsned3-shard-00-00.8jhvay6.mongodb.net:27017, type=REPLICA_SET_SECONDARY, cryptd=false, state=CONNECTED, ok=true, minWireVersion=0, maxWireVersion=25, maxDocumentSize=16777216, logicalSessionTimeoutMinutes=30, roundTripTimeNanos=404150800, minRoundTripTimeNanos=0, setName='atlas-sspu40-shard-0', canonicalAddress=ac-elsned3-shard-00-00.8jhvay6.mongodb.net:27017, hosts=[ac-elsned3-shard-00-01.8jhvay6.mongodb.net:27017, ac-elsned3-shard-00-00.8jhvay6.mongodb.net:27017, ac-elsned3-shard-00-02.8jhvay6.mongodb.net:27017], passives=[], arbiters=[], primary='ac-elsned3-shard-00-01.8jhvay6.mongodb.net:27017', tagSet=TagSet{[Tag{name='availabilityZone', value='aps1-az1'}, Tag{name='diskState', value='READY'}, Tag{name='nodeType', value='ELECTABLE'}, Tag{name='provider', value='AWS'}, Tag{name='region', value='AP_SOUTH_1'}, Tag{name='workloadType', value='OPERATIONAL'}]}, electionId=null, setVersion=319, topologyVersion=TopologyVersion{processId=68a19f3e97e3eac7d93d06d9, counter=5}, lastWriteDate=Sun Aug 24 00:21:59 IST 2025, lastUpdateTimeNanos=32749172821900}
2025-08-24T00:21:56.585+05:30  INFO 3476 --- [Smart Email Application] [ngodb.net:27017] org.mongodb.driver.cluster               : Discovered replica set primary ac-elsned3-shard-00-01.8jhvay6.mongodb.net:27017 with max election id 7fffffff0000000000000119 and max set version 319
2025-08-24T00:21:56.594+05:30  INFO 3476 --- [Smart Email Application] [           main] eAuthenticationProviderManagerConfigurer : Global AuthenticationManager configured with AuthenticationProvider bean with name authenticationProvider
2025-08-24T00:21:56.594+05:30  WARN 3476 --- [Smart Email Application] [           main] r$InitializeUserDetailsManagerConfigurer : Global AuthenticationManager configured with an AuthenticationProvider bean. UserDetailsService beans will not be used by Spring Security for automatically configuring username/password login. Consider removing the AuthenticationProvider bean. Alternatively, consider using the UserDetailsService in a manually instantiated DaoAuthenticationProvider. If the current configuration is intentional, to turn off this warning, increase the logging level of 'org.springframework.security.config.annotation.authentication.configuration.InitializeUserDetailsBeanManagerConfigurer' to ERROR
2025-08-24T00:21:57.731+05:30  INFO 3476 --- [Smart Email Application] [           main] c.o.s.SmartEmailApplicationTests         : Started SmartEmailApplicationTests in 3.528 seconds (process running for 4.393)
]]></system-out>
    <system-err><![CDATA[Mockito is currently self-attaching to enable the inline-mock-maker. This will no longer work in future releases of the JDK. Please add Mockito as an agent to your build what is described in Mockito's documentation: https://javadoc.io/doc/org.mockito/mockito-core/latest/org/mockito/Mockito.html#0.3
WARNING: A Java agent has been loaded dynamically (C:\Users\prane\.m2\repository\net\bytebuddy\byte-buddy-agent\1.15.11\byte-buddy-agent-1.15.11.jar)
WARNING: If a serviceability tool is in use, please run with -XX:+EnableDynamicAgentLoading to hide this warning
WARNING: If a serviceability tool is not in use, please run with -Djdk.instrument.traceUsage for more information
WARNING: Dynamic loading of agents will be disallowed by default in a future release
]]></system-err>
  </testcase>
</testsuite>